[18-Jul-2016 01:22:56 UTC] PHP Warning:  require(/home/ubuntu/workspace/atarcoach/bootstrap/../vendor/autoload.php): failed to open stream: No such file or directory in /home/ubuntu/workspace/atarcoach/bootstrap/autoload.php on line 17
[18-Jul-2016 01:22:56 UTC] PHP Stack trace:
[18-Jul-2016 01:22:56 UTC] PHP   1. {main}() /home/ubuntu/workspace/atarcoach/public/index.php:0
[18-Jul-2016 01:22:56 UTC] PHP   2. require() /home/ubuntu/workspace/atarcoach/public/index.php:22
[18-Jul-2016 01:22:56 UTC] PHP Fatal error:  require(): Failed opening required '/home/ubuntu/workspace/atarcoach/bootstrap/../vendor/autoload.php' (include_path='.:/usr/share/php:/usr/share/pear') in /home/ubuntu/workspace/atarcoach/bootstrap/autoload.php on line 17
[18-Jul-2016 01:22:56 UTC] PHP Stack trace:
[18-Jul-2016 01:22:56 UTC] PHP   1. {main}() /home/ubuntu/workspace/atarcoach/public/index.php:0
[18-Jul-2016 01:22:56 UTC] PHP   2. require() /home/ubuntu/workspace/atarcoach/public/index.php:22
[04-Aug-2016 02:48:51 UTC] PHP Fatal error:  Class 'App\Http\Controllers\Subject' not found in /home/ubuntu/workspace/atarcoach/app/Http/Controllers/ExamController.php on line 30
[04-Aug-2016 02:48:51 UTC] PHP Stack trace:
[04-Aug-2016 02:48:51 UTC] PHP   1. {main}() /home/ubuntu/workspace/atarcoach/public/index.php:0
[04-Aug-2016 02:48:51 UTC] PHP   2. Illuminate\Foundation\Http\Kernel->handle() /home/ubuntu/workspace/atarcoach/public/index.php:54
[04-Aug-2016 02:48:51 UTC] PHP   3. Illuminate\Foundation\Http\Kernel->sendRequestThroughRouter() /home/ubuntu/workspace/atarcoach/vendor/laravel/framework/src/Illuminate/Foundation/Http/Kernel.php:99
[04-Aug-2016 02:48:51 UTC] PHP   4. Illuminate\Pipeline\Pipeline->then() /home/ubuntu/workspace/atarcoach/vendor/laravel/framework/src/Illuminate/Foundation/Http/Kernel.php:132
[04-Aug-2016 02:48:51 UTC] PHP   5. call_user_func:{/home/ubuntu/workspace/atarcoach/vendor/laravel/framework/src/Illuminate/Pipeline/Pipeline.php:103}() /home/ubuntu/workspace/atarcoach/vendor/laravel/framework/src/Illuminate/Pipeline/Pipeline.php:103
[04-Aug-2016 02:48:51 UTC] PHP   6. Illuminate\Routing\Pipeline->Illuminate\Routing\{closure}() /home/ubuntu/workspace/atarcoach/vendor/laravel/framework/src/Illuminate/Pipeline/Pipeline.php:103
[04-Aug-2016 02:48:51 UTC] PHP   7. call_user_func:{/home/ubuntu/workspace/atarcoach/vendor/laravel/framework/src/Illuminate/Routing/Pipeline.php:32}() /home/ubuntu/workspace/atarcoach/vendor/laravel/framework/src/Illuminate/Routing/Pipeline.php:32
[04-Aug-2016 02:48:51 UTC] PHP   8. Illuminate\Pipeline\Pipeline->Illuminate\Pipeline\{closure}() /home/ubuntu/workspace/atarcoach/vendor/laravel/framework/src/Illuminate/Routing/Pipeline.php:32
[04-Aug-2016 02:48:51 UTC] PHP   9. call_user_func_array:{/home/ubuntu/workspace/atarcoach/vendor/laravel/framework/src/Illuminate/Pipeline/Pipeline.php:136}() /home/ubuntu/workspace/atarcoach/vendor/laravel/framework/src/Illuminate/Pipeline/Pipeline.php:136
[04-Aug-2016 02:48:51 UTC] PHP  10. Illuminate\Foundation\Http\Middleware\CheckForMaintenanceMode->handle() /home/ubuntu/workspace/atarcoach/vendor/laravel/framework/src/Illuminate/Pipeline/Pipeline.php:136
[04-Aug-2016 02:48:51 UTC] PHP  11. Illuminate\Routing\Pipeline->Illuminate\Routing\{closure}() /home/ubuntu/workspace/atarcoach/vendor/laravel/framework/src/Illuminate/Foundation/Http/Middleware/CheckForMaintenanceMode.php:44
[04-Aug-2016 02:48:51 UTC] PHP  12. call_user_func:{/home/ubuntu/workspace/atarcoach/vendor/laravel/framework/src/Illuminate/Routing/Pipeline.php:52}() /home/ubuntu/workspace/atarcoach/vendor/laravel/framework/src/Illuminate/Routing/Pipeline.php:52
[04-Aug-2016 02:48:51 UTC] PHP  13. Illuminate\Foundation\Http\Kernel->Illuminate\Foundation\Http\{closure}() /home/ubuntu/workspace/atarcoach/vendor/laravel/framework/src/Illuminate/Routing/Pipeline.php:52
[04-Aug-2016 02:48:51 UTC] PHP  14. Illuminate\Routing\Router->dispatch() /home/ubuntu/workspace/atarcoach/vendor/laravel/framework/src/Illuminate/Foundation/Http/Kernel.php:246
[04-Aug-2016 02:48:51 UTC] PHP  15. Illuminate\Routing\Router->dispatchToRoute() /home/ubuntu/workspace/atarcoach/vendor/laravel/framework/src/Illuminate/Routing/Router.php:675
[04-Aug-2016 02:48:51 UTC] PHP  16. Illuminate\Routing\Router->runRouteWithinStack() /home/ubuntu/workspace/atarcoach/vendor/laravel/framework/src/Illuminate/Routing/Router.php:699
[04-Aug-2016 02:48:51 UTC] PHP  17. Illuminate\Pipeline\Pipeline->then() /home/ubuntu/workspace/atarcoach/vendor/laravel/framework/src/Illuminate/Routing/Router.php:726
[04-Aug-2016 02:48:51 UTC] PHP  18. call_user_func:{/home/ubuntu/workspace/atarcoach/vendor/laravel/framework/src/Illuminate/Pipeline/Pipeline.php:103}() /home/ubuntu/workspace/atarcoach/vendor/laravel/framework/src/Illuminate/Pipeline/Pipeline.php:103
[04-Aug-2016 02:48:51 UTC] PHP  19. Illuminate\Routing\Pipeline->Illuminate\Routing\{closure}() /home/ubuntu/workspace/atarcoach/vendor/laravel/framework/src/Illuminate/Pipeline/Pipeline.php:103
[04-Aug-2016 02:48:51 UTC] PHP  20. call_user_func:{/home/ubuntu/workspace/atarcoach/vendor/laravel/framework/src/Illuminate/Routing/Pipeline.php:32}() /home/ubuntu/workspace/atarcoach/vendor/laravel/framework/src/Illuminate/Routing/Pipeline.php:32
[04-Aug-2016 02:48:51 UTC] PHP  21. Illuminate\Pipeline\Pipeline->Illuminate\Pipeline\{closure}() /home/ubuntu/workspace/atarcoach/vendor/laravel/framework/src/Illuminate/Routing/Pipeline.php:32
[04-Aug-2016 02:48:51 UTC] PHP  22. call_user_func_array:{/home/ubuntu/workspace/atarcoach/vendor/laravel/framework/src/Illuminate/Pipeline/Pipeline.php:136}() /home/ubuntu/workspace/atarcoach/vendor/laravel/framework/src/Illuminate/Pipeline/Pipeline.php:136
[04-Aug-2016 02:48:51 UTC] PHP  23. Illuminate\Cookie\Middleware\EncryptCookies->handle() /home/ubuntu/workspace/atarcoach/vendor/laravel/framework/src/Illuminate/Pipeline/Pipeline.php:136
[04-Aug-2016 02:48:51 UTC] PHP  24. Illuminate\Routing\Pipeline->Illuminate\Routing\{closure}() /home/ubuntu/workspace/atarcoach/vendor/laravel/framework/src/Illuminate/Cookie/Middleware/EncryptCookies.php:59
[04-Aug-2016 02:48:51 UTC] PHP  25. call_user_func:{/home/ubuntu/workspace/atarcoach/vendor/laravel/framework/src/Illuminate/Routing/Pipeline.php:32}() /home/ubuntu/workspace/atarcoach/vendor/laravel/framework/src/Illuminate/Routing/Pipeline.php:32
[04-Aug-2016 02:48:51 UTC] PHP  26. Illuminate\Pipeline\Pipeline->Illuminate\Pipeline\{closure}() /home/ubuntu/workspace/atarcoach/vendor/laravel/framework/src/Illuminate/Routing/Pipeline.php:32
[04-Aug-2016 02:48:51 UTC] PHP  27. call_user_func_array:{/home/ubuntu/workspace/atarcoach/vendor/laravel/framework/src/Illuminate/Pipeline/Pipeline.php:136}() /home/ubuntu/workspace/atarcoach/vendor/laravel/framework/src/Illuminate/Pipeline/Pipeline.php:136
[04-Aug-2016 02:48:51 UTC] PHP  28. Illuminate\Cookie\Middleware\AddQueuedCookiesToResponse->handle() /home/ubuntu/workspace/atarcoach/vendor/laravel/framework/src/Illuminate/Pipeline/Pipeline.php:136
[04-Aug-2016 02:48:51 UTC] PHP  29. Illuminate\Routing\Pipeline->Illuminate\Routing\{closure}() /home/ubuntu/workspace/atarcoach/vendor/laravel/framework/src/Illuminate/Cookie/Middleware/AddQueuedCookiesToResponse.php:37
[04-Aug-2016 02:48:51 UTC] PHP  30. call_user_func:{/home/ubuntu/workspace/atarcoach/vendor/laravel/framework/src/Illuminate/Routing/Pipeline.php:32}() /home/ubuntu/workspace/atarcoach/vendor/laravel/framework/src/Illuminate/Routing/Pipeline.php:32
[04-Aug-2016 02:48:51 UTC] PHP  31. Illuminate\Pipeline\Pipeline->Illuminate\Pipeline\{closure}() /home/ubuntu/workspace/atarcoach/vendor/laravel/framework/src/Illuminate/Routing/Pipeline.php:32
[04-Aug-2016 02:48:51 UTC] PHP  32. call_user_func_array:{/home/ubuntu/workspace/atarcoach/vendor/laravel/framework/src/Illuminate/Pipeline/Pipeline.php:136}() /home/ubuntu/workspace/atarcoach/vendor/laravel/framework/src/Illuminate/Pipeline/Pipeline.php:136
[04-Aug-2016 02:48:51 UTC] PHP  33. Illuminate\Session\Middleware\StartSession->handle() /home/ubuntu/workspace/atarcoach/vendor/laravel/framework/src/Illuminate/Pipeline/Pipeline.php:136
[04-Aug-2016 02:48:51 UTC] PHP  34. Illuminate\Routing\Pipeline->Illuminate\Routing\{closure}() /home/ubuntu/workspace/atarcoach/vendor/laravel/framework/src/Illuminate/Session/Middleware/StartSession.php:64
[04-Aug-2016 02:48:51 UTC] PHP  35. call_user_func:{/home/ubuntu/workspace/atarcoach/vendor/laravel/framework/src/Illuminate/Routing/Pipeline.php:32}() /home/ubuntu/workspace/atarcoach/vendor/laravel/framework/src/Illuminate/Routing/Pipeline.php:32
[04-Aug-2016 02:48:51 UTC] PHP  36. Illuminate\Pipeline\Pipeline->Illuminate\Pipeline\{closure}() /home/ubuntu/workspace/atarcoach/vendor/laravel/framework/src/Illuminate/Routing/Pipeline.php:32
[04-Aug-2016 02:48:51 UTC] PHP  37. call_user_func_array:{/home/ubuntu/workspace/atarcoach/vendor/laravel/framework/src/Illuminate/Pipeline/Pipeline.php:136}() /home/ubuntu/workspace/atarcoach/vendor/laravel/framework/src/Illuminate/Pipeline/Pipeline.php:136
[04-Aug-2016 02:48:51 UTC] PHP  38. Illuminate\View\Middleware\ShareErrorsFromSession->handle() /home/ubuntu/workspace/atarcoach/vendor/laravel/framework/src/Illuminate/Pipeline/Pipeline.php:136
[04-Aug-2016 02:48:51 UTC] PHP  39. Illuminate\Routing\Pipeline->Illuminate\Routing\{closure}() /home/ubuntu/workspace/atarcoach/vendor/laravel/framework/src/Illuminate/View/Middleware/ShareErrorsFromSession.php:49
[04-Aug-2016 02:48:51 UTC] PHP  40. call_user_func:{/home/ubuntu/workspace/atarcoach/vendor/laravel/framework/src/Illuminate/Routing/Pipeline.php:32}() /home/ubuntu/workspace/atarcoach/vendor/laravel/framework/src/Illuminate/Routing/Pipeline.php:32
[04-Aug-2016 02:48:51 UTC] PHP  41. Illuminate\Pipeline\Pipeline->Illuminate\Pipeline\{closure}() /home/ubuntu/workspace/atarcoach/vendor/laravel/framework/src/Illuminate/Routing/Pipeline.php:32
[04-Aug-2016 02:48:51 UTC] PHP  42. call_user_func_array:{/home/ubuntu/workspace/atarcoach/vendor/laravel/framework/src/Illuminate/Pipeline/Pipeline.php:136}() /home/ubuntu/workspace/atarcoach/vendor/laravel/framework/src/Illuminate/Pipeline/Pipeline.php:136
[04-Aug-2016 02:48:51 UTC] PHP  43. Illuminate\Foundation\Http\Middleware\VerifyCsrfToken->handle() /home/ubuntu/workspace/atarcoach/vendor/laravel/framework/src/Illuminate/Pipeline/Pipeline.php:136
[04-Aug-2016 02:48:51 UTC] PHP  44. Illuminate\Routing\Pipeline->Illuminate\Routing\{closure}() /home/ubuntu/workspace/atarcoach/vendor/laravel/framework/src/Illuminate/Foundation/Http/Middleware/VerifyCsrfToken.php:64
[04-Aug-2016 02:48:51 UTC] PHP  45. call_user_func:{/home/ubuntu/workspace/atarcoach/vendor/laravel/framework/src/Illuminate/Routing/Pipeline.php:52}() /home/ubuntu/workspace/atarcoach/vendor/laravel/framework/src/Illuminate/Routing/Pipeline.php:52
[04-Aug-2016 02:48:51 UTC] PHP  46. Illuminate\Routing\Router->Illuminate\Routing\{closure}() /home/ubuntu/workspace/atarcoach/vendor/laravel/framework/src/Illuminate/Routing/Pipeline.php:52
[04-Aug-2016 02:48:51 UTC] PHP  47. Illuminate\Routing\Route->run() /home/ubuntu/workspace/atarcoach/vendor/laravel/framework/src/Illuminate/Routing/Router.php:724
[04-Aug-2016 02:48:51 UTC] PHP  48. Illuminate\Routing\Route->runController() /home/ubuntu/workspace/atarcoach/vendor/laravel/framework/src/Illuminate/Routing/Route.php:140
[04-Aug-2016 02:48:51 UTC] PHP  49. Illuminate\Routing\ControllerDispatcher->dispatch() /home/ubuntu/workspace/atarcoach/vendor/laravel/framework/src/Illuminate/Routing/Route.php:174
[04-Aug-2016 02:48:51 UTC] PHP  50. Illuminate\Routing\ControllerDispatcher->callWithinStack() /home/ubuntu/workspace/atarcoach/vendor/laravel/framework/src/Illuminate/Routing/ControllerDispatcher.php:54
[04-Aug-2016 02:48:51 UTC] PHP  51. Illuminate\Pipeline\Pipeline->then() /home/ubuntu/workspace/atarcoach/vendor/laravel/framework/src/Illuminate/Routing/ControllerDispatcher.php:96
[04-Aug-2016 02:48:51 UTC] PHP  52. call_user_func:{/home/ubuntu/workspace/atarcoach/vendor/laravel/framework/src/Illuminate/Pipeline/Pipeline.php:103}() /home/ubuntu/workspace/atarcoach/vendor/laravel/framework/src/Illuminate/Pipeline/Pipeline.php:103
[04-Aug-2016 02:48:51 UTC] PHP  53. Illuminate\Routing\Pipeline->Illuminate\Routing\{closure}() /home/ubuntu/workspace/atarcoach/vendor/laravel/framework/src/Illuminate/Pipeline/Pipeline.php:103
[04-Aug-2016 02:48:51 UTC] PHP  54. call_user_func:{/home/ubuntu/workspace/atarcoach/vendor/laravel/framework/src/Illuminate/Routing/Pipeline.php:52}() /home/ubuntu/workspace/atarcoach/vendor/laravel/framework/src/Illuminate/Routing/Pipeline.php:52
[04-Aug-2016 02:48:51 UTC] PHP  55. Illuminate\Routing\ControllerDispatcher->Illuminate\Routing\{closure}() /home/ubuntu/workspace/atarcoach/vendor/laravel/framework/src/Illuminate/Routing/Pipeline.php:52
[04-Aug-2016 02:48:51 UTC] PHP  56. Illuminate\Routing\ControllerDispatcher->call() /home/ubuntu/workspace/atarcoach/vendor/laravel/framework/src/Illuminate/Routing/ControllerDispatcher.php:94
[04-Aug-2016 02:48:51 UTC] PHP  57. Illuminate\Routing\Controller->callAction() /home/ubuntu/workspace/atarcoach/vendor/laravel/framework/src/Illuminate/Routing/ControllerDispatcher.php:146
[04-Aug-2016 02:48:51 UTC] PHP  58. call_user_func_array:{/home/ubuntu/workspace/atarcoach/vendor/laravel/framework/src/Illuminate/Routing/Controller.php:80}() /home/ubuntu/workspace/atarcoach/vendor/laravel/framework/src/Illuminate/Routing/Controller.php:80
[04-Aug-2016 02:48:51 UTC] PHP  59. App\Http\Controllers\ExamController->create() /home/ubuntu/workspace/atarcoach/vendor/laravel/framework/src/Illuminate/Routing/Controller.php:80
[08-Aug-2016 03:06:39 UTC] PHP Parse error:  syntax error, unexpected '}' in /home/ubuntu/workspace/atarcoach/app/Http/Controllers/AdminController.php on line 19
[08-Aug-2016 03:06:39 UTC] PHP Stack trace:
[08-Aug-2016 03:06:39 UTC] PHP   1. {main}() /home/ubuntu/workspace/atarcoach/public/index.php:0
[08-Aug-2016 03:06:39 UTC] PHP   2. Illuminate\Foundation\Http\Kernel->handle() /home/ubuntu/workspace/atarcoach/public/index.php:54
[08-Aug-2016 03:06:39 UTC] PHP   3. Illuminate\Foundation\Http\Kernel->sendRequestThroughRouter() /home/ubuntu/workspace/atarcoach/vendor/laravel/framework/src/Illuminate/Foundation/Http/Kernel.php:99
[08-Aug-2016 03:06:39 UTC] PHP   4. Illuminate\Pipeline\Pipeline->then() /home/ubuntu/workspace/atarcoach/vendor/laravel/framework/src/Illuminate/Foundation/Http/Kernel.php:132
[08-Aug-2016 03:06:39 UTC] PHP   5. call_user_func:{/home/ubuntu/workspace/atarcoach/vendor/laravel/framework/src/Illuminate/Pipeline/Pipeline.php:103}() /home/ubuntu/workspace/atarcoach/vendor/laravel/framework/src/Illuminate/Pipeline/Pipeline.php:103
[08-Aug-2016 03:06:39 UTC] PHP   6. Illuminate\Routing\Pipeline->Illuminate\Routing\{closure}() /home/ubuntu/workspace/atarcoach/vendor/laravel/framework/src/Illuminate/Pipeline/Pipeline.php:103
[08-Aug-2016 03:06:39 UTC] PHP   7. call_user_func:{/home/ubuntu/workspace/atarcoach/vendor/laravel/framework/src/Illuminate/Routing/Pipeline.php:32}() /home/ubuntu/workspace/atarcoach/vendor/laravel/framework/src/Illuminate/Routing/Pipeline.php:32
[08-Aug-2016 03:06:39 UTC] PHP   8. Illuminate\Pipeline\Pipeline->Illuminate\Pipeline\{closure}() /home/ubuntu/workspace/atarcoach/vendor/laravel/framework/src/Illuminate/Routing/Pipeline.php:32
[08-Aug-2016 03:06:39 UTC] PHP   9. call_user_func_array:{/home/ubuntu/workspace/atarcoach/vendor/laravel/framework/src/Illuminate/Pipeline/Pipeline.php:136}() /home/ubuntu/workspace/atarcoach/vendor/laravel/framework/src/Illuminate/Pipeline/Pipeline.php:136
[08-Aug-2016 03:06:39 UTC] PHP  10. Illuminate\Foundation\Http\Middleware\CheckForMaintenanceMode->handle() /home/ubuntu/workspace/atarcoach/vendor/laravel/framework/src/Illuminate/Pipeline/Pipeline.php:136
[08-Aug-2016 03:06:39 UTC] PHP  11. Illuminate\Routing\Pipeline->Illuminate\Routing\{closure}() /home/ubuntu/workspace/atarcoach/vendor/laravel/framework/src/Illuminate/Foundation/Http/Middleware/CheckForMaintenanceMode.php:44
[08-Aug-2016 03:06:39 UTC] PHP  12. call_user_func:{/home/ubuntu/workspace/atarcoach/vendor/laravel/framework/src/Illuminate/Routing/Pipeline.php:52}() /home/ubuntu/workspace/atarcoach/vendor/laravel/framework/src/Illuminate/Routing/Pipeline.php:52
[08-Aug-2016 03:06:39 UTC] PHP  13. Illuminate\Foundation\Http\Kernel->Illuminate\Foundation\Http\{closure}() /home/ubuntu/workspace/atarcoach/vendor/laravel/framework/src/Illuminate/Routing/Pipeline.php:52
[08-Aug-2016 03:06:39 UTC] PHP  14. Illuminate\Routing\Router->dispatch() /home/ubuntu/workspace/atarcoach/vendor/laravel/framework/src/Illuminate/Foundation/Http/Kernel.php:246
[08-Aug-2016 03:06:39 UTC] PHP  15. Illuminate\Routing\Router->dispatchToRoute() /home/ubuntu/workspace/atarcoach/vendor/laravel/framework/src/Illuminate/Routing/Router.php:675
[08-Aug-2016 03:06:39 UTC] PHP  16. Illuminate\Routing\Router->findRoute() /home/ubuntu/workspace/atarcoach/vendor/laravel/framework/src/Illuminate/Routing/Router.php:691
[08-Aug-2016 03:06:39 UTC] PHP  17. Illuminate\Routing\Router->substituteBindings() /home/ubuntu/workspace/atarcoach/vendor/laravel/framework/src/Illuminate/Routing/Router.php:825
[08-Aug-2016 03:06:39 UTC] PHP  18. Illuminate\Routing\Router->substituteImplicitBindings() /home/ubuntu/workspace/atarcoach/vendor/laravel/framework/src/Illuminate/Routing/Router.php:842
[08-Aug-2016 03:06:39 UTC] PHP  19. Illuminate\Routing\Route->signatureParameters() /home/ubuntu/workspace/atarcoach/vendor/laravel/framework/src/Illuminate/Routing/Router.php:857
[08-Aug-2016 03:06:39 UTC] PHP  20. ReflectionMethod->__construct() /home/ubuntu/workspace/atarcoach/vendor/laravel/framework/src/Illuminate/Routing/Route.php:280
[08-Aug-2016 03:06:39 UTC] PHP  21. spl_autoload_call() /home/ubuntu/workspace/atarcoach/vendor/laravel/framework/src/Illuminate/Routing/Route.php:280
[08-Aug-2016 03:06:39 UTC] PHP  22. Composer\Autoload\ClassLoader->loadClass() /home/ubuntu/workspace/atarcoach/vendor/laravel/framework/src/Illuminate/Routing/Route.php:280
[08-Aug-2016 03:06:39 UTC] PHP  23. Composer\Autoload\includeFile() /home/ubuntu/workspace/atarcoach/vendor/composer/ClassLoader.php:301
[08-Aug-2016 03:07:18 UTC] PHP Fatal error:  Class 'App\Http\Controllers\Subject' not found in /home/ubuntu/workspace/atarcoach/app/Http/Controllers/AdminController.php on line 20
[08-Aug-2016 03:07:18 UTC] PHP Stack trace:
[08-Aug-2016 03:07:18 UTC] PHP   1. {main}() /home/ubuntu/workspace/atarcoach/public/index.php:0
[08-Aug-2016 03:07:18 UTC] PHP   2. Illuminate\Foundation\Http\Kernel->handle() /home/ubuntu/workspace/atarcoach/public/index.php:54
[08-Aug-2016 03:07:18 UTC] PHP   3. Illuminate\Foundation\Http\Kernel->sendRequestThroughRouter() /home/ubuntu/workspace/atarcoach/vendor/laravel/framework/src/Illuminate/Foundation/Http/Kernel.php:99
[08-Aug-2016 03:07:18 UTC] PHP   4. Illuminate\Pipeline\Pipeline->then() /home/ubuntu/workspace/atarcoach/vendor/laravel/framework/src/Illuminate/Foundation/Http/Kernel.php:132
[08-Aug-2016 03:07:18 UTC] PHP   5. call_user_func:{/home/ubuntu/workspace/atarcoach/vendor/laravel/framework/src/Illuminate/Pipeline/Pipeline.php:103}() /home/ubuntu/workspace/atarcoach/vendor/laravel/framework/src/Illuminate/Pipeline/Pipeline.php:103
[08-Aug-2016 03:07:18 UTC] PHP   6. Illuminate\Routing\Pipeline->Illuminate\Routing\{closure}() /home/ubuntu/workspace/atarcoach/vendor/laravel/framework/src/Illuminate/Pipeline/Pipeline.php:103
[08-Aug-2016 03:07:18 UTC] PHP   7. call_user_func:{/home/ubuntu/workspace/atarcoach/vendor/laravel/framework/src/Illuminate/Routing/Pipeline.php:32}() /home/ubuntu/workspace/atarcoach/vendor/laravel/framework/src/Illuminate/Routing/Pipeline.php:32
[08-Aug-2016 03:07:18 UTC] PHP   8. Illuminate\Pipeline\Pipeline->Illuminate\Pipeline\{closure}() /home/ubuntu/workspace/atarcoach/vendor/laravel/framework/src/Illuminate/Routing/Pipeline.php:32
[08-Aug-2016 03:07:18 UTC] PHP   9. call_user_func_array:{/home/ubuntu/workspace/atarcoach/vendor/laravel/framework/src/Illuminate/Pipeline/Pipeline.php:136}() /home/ubuntu/workspace/atarcoach/vendor/laravel/framework/src/Illuminate/Pipeline/Pipeline.php:136
[08-Aug-2016 03:07:18 UTC] PHP  10. Illuminate\Foundation\Http\Middleware\CheckForMaintenanceMode->handle() /home/ubuntu/workspace/atarcoach/vendor/laravel/framework/src/Illuminate/Pipeline/Pipeline.php:136
[08-Aug-2016 03:07:18 UTC] PHP  11. Illuminate\Routing\Pipeline->Illuminate\Routing\{closure}() /home/ubuntu/workspace/atarcoach/vendor/laravel/framework/src/Illuminate/Foundation/Http/Middleware/CheckForMaintenanceMode.php:44
[08-Aug-2016 03:07:18 UTC] PHP  12. call_user_func:{/home/ubuntu/workspace/atarcoach/vendor/laravel/framework/src/Illuminate/Routing/Pipeline.php:52}() /home/ubuntu/workspace/atarcoach/vendor/laravel/framework/src/Illuminate/Routing/Pipeline.php:52
[08-Aug-2016 03:07:18 UTC] PHP  13. Illuminate\Foundation\Http\Kernel->Illuminate\Foundation\Http\{closure}() /home/ubuntu/workspace/atarcoach/vendor/laravel/framework/src/Illuminate/Routing/Pipeline.php:52
[08-Aug-2016 03:07:18 UTC] PHP  14. Illuminate\Routing\Router->dispatch() /home/ubuntu/workspace/atarcoach/vendor/laravel/framework/src/Illuminate/Foundation/Http/Kernel.php:246
[08-Aug-2016 03:07:18 UTC] PHP  15. Illuminate\Routing\Router->dispatchToRoute() /home/ubuntu/workspace/atarcoach/vendor/laravel/framework/src/Illuminate/Routing/Router.php:675
[08-Aug-2016 03:07:18 UTC] PHP  16. Illuminate\Routing\Router->runRouteWithinStack() /home/ubuntu/workspace/atarcoach/vendor/laravel/framework/src/Illuminate/Routing/Router.php:699
[08-Aug-2016 03:07:18 UTC] PHP  17. Illuminate\Pipeline\Pipeline->then() /home/ubuntu/workspace/atarcoach/vendor/laravel/framework/src/Illuminate/Routing/Router.php:726
[08-Aug-2016 03:07:18 UTC] PHP  18. call_user_func:{/home/ubuntu/workspace/atarcoach/vendor/laravel/framework/src/Illuminate/Pipeline/Pipeline.php:103}() /home/ubuntu/workspace/atarcoach/vendor/laravel/framework/src/Illuminate/Pipeline/Pipeline.php:103
[08-Aug-2016 03:07:18 UTC] PHP  19. Illuminate\Routing\Pipeline->Illuminate\Routing\{closure}() /home/ubuntu/workspace/atarcoach/vendor/laravel/framework/src/Illuminate/Pipeline/Pipeline.php:103
[08-Aug-2016 03:07:18 UTC] PHP  20. call_user_func:{/home/ubuntu/workspace/atarcoach/vendor/laravel/framework/src/Illuminate/Routing/Pipeline.php:32}() /home/ubuntu/workspace/atarcoach/vendor/laravel/framework/src/Illuminate/Routing/Pipeline.php:32
[08-Aug-2016 03:07:18 UTC] PHP  21. Illuminate\Pipeline\Pipeline->Illuminate\Pipeline\{closure}() /home/ubuntu/workspace/atarcoach/vendor/laravel/framework/src/Illuminate/Routing/Pipeline.php:32
[08-Aug-2016 03:07:18 UTC] PHP  22. call_user_func_array:{/home/ubuntu/workspace/atarcoach/vendor/laravel/framework/src/Illuminate/Pipeline/Pipeline.php:136}() /home/ubuntu/workspace/atarcoach/vendor/laravel/framework/src/Illuminate/Pipeline/Pipeline.php:136
[08-Aug-2016 03:07:18 UTC] PHP  23. Illuminate\Cookie\Middleware\EncryptCookies->handle() /home/ubuntu/workspace/atarcoach/vendor/laravel/framework/src/Illuminate/Pipeline/Pipeline.php:136
[08-Aug-2016 03:07:18 UTC] PHP  24. Illuminate\Routing\Pipeline->Illuminate\Routing\{closure}() /home/ubuntu/workspace/atarcoach/vendor/laravel/framework/src/Illuminate/Cookie/Middleware/EncryptCookies.php:59
[08-Aug-2016 03:07:18 UTC] PHP  25. call_user_func:{/home/ubuntu/workspace/atarcoach/vendor/laravel/framework/src/Illuminate/Routing/Pipeline.php:32}() /home/ubuntu/workspace/atarcoach/vendor/laravel/framework/src/Illuminate/Routing/Pipeline.php:32
[08-Aug-2016 03:07:18 UTC] PHP  26. Illuminate\Pipeline\Pipeline->Illuminate\Pipeline\{closure}() /home/ubuntu/workspace/atarcoach/vendor/laravel/framework/src/Illuminate/Routing/Pipeline.php:32
[08-Aug-2016 03:07:18 UTC] PHP  27. call_user_func_array:{/home/ubuntu/workspace/atarcoach/vendor/laravel/framework/src/Illuminate/Pipeline/Pipeline.php:136}() /home/ubuntu/workspace/atarcoach/vendor/laravel/framework/src/Illuminate/Pipeline/Pipeline.php:136
[08-Aug-2016 03:07:18 UTC] PHP  28. Illuminate\Cookie\Middleware\AddQueuedCookiesToResponse->handle() /home/ubuntu/workspace/atarcoach/vendor/laravel/framework/src/Illuminate/Pipeline/Pipeline.php:136
[08-Aug-2016 03:07:18 UTC] PHP  29. Illuminate\Routing\Pipeline->Illuminate\Routing\{closure}() /home/ubuntu/workspace/atarcoach/vendor/laravel/framework/src/Illuminate/Cookie/Middleware/AddQueuedCookiesToResponse.php:37
[08-Aug-2016 03:07:18 UTC] PHP  30. call_user_func:{/home/ubuntu/workspace/atarcoach/vendor/laravel/framework/src/Illuminate/Routing/Pipeline.php:32}() /home/ubuntu/workspace/atarcoach/vendor/laravel/framework/src/Illuminate/Routing/Pipeline.php:32
[08-Aug-2016 03:07:18 UTC] PHP  31. Illuminate\Pipeline\Pipeline->Illuminate\Pipeline\{closure}() /home/ubuntu/workspace/atarcoach/vendor/laravel/framework/src/Illuminate/Routing/Pipeline.php:32
[08-Aug-2016 03:07:18 UTC] PHP  32. call_user_func_array:{/home/ubuntu/workspace/atarcoach/vendor/laravel/framework/src/Illuminate/Pipeline/Pipeline.php:136}() /home/ubuntu/workspace/atarcoach/vendor/laravel/framework/src/Illuminate/Pipeline/Pipeline.php:136
[08-Aug-2016 03:07:18 UTC] PHP  33. Illuminate\Session\Middleware\StartSession->handle() /home/ubuntu/workspace/atarcoach/vendor/laravel/framework/src/Illuminate/Pipeline/Pipeline.php:136
[08-Aug-2016 03:07:18 UTC] PHP  34. Illuminate\Routing\Pipeline->Illuminate\Routing\{closure}() /home/ubuntu/workspace/atarcoach/vendor/laravel/framework/src/Illuminate/Session/Middleware/StartSession.php:64
[08-Aug-2016 03:07:18 UTC] PHP  35. call_user_func:{/home/ubuntu/workspace/atarcoach/vendor/laravel/framework/src/Illuminate/Routing/Pipeline.php:32}() /home/ubuntu/workspace/atarcoach/vendor/laravel/framework/src/Illuminate/Routing/Pipeline.php:32
[08-Aug-2016 03:07:18 UTC] PHP  36. Illuminate\Pipeline\Pipeline->Illuminate\Pipeline\{closure}() /home/ubuntu/workspace/atarcoach/vendor/laravel/framework/src/Illuminate/Routing/Pipeline.php:32
[08-Aug-2016 03:07:18 UTC] PHP  37. call_user_func_array:{/home/ubuntu/workspace/atarcoach/vendor/laravel/framework/src/Illuminate/Pipeline/Pipeline.php:136}() /home/ubuntu/workspace/atarcoach/vendor/laravel/framework/src/Illuminate/Pipeline/Pipeline.php:136
[08-Aug-2016 03:07:18 UTC] PHP  38. Illuminate\View\Middleware\ShareErrorsFromSession->handle() /home/ubuntu/workspace/atarcoach/vendor/laravel/framework/src/Illuminate/Pipeline/Pipeline.php:136
[08-Aug-2016 03:07:18 UTC] PHP  39. Illuminate\Routing\Pipeline->Illuminate\Routing\{closure}() /home/ubuntu/workspace/atarcoach/vendor/laravel/framework/src/Illuminate/View/Middleware/ShareErrorsFromSession.php:49
[08-Aug-2016 03:07:18 UTC] PHP  40. call_user_func:{/home/ubuntu/workspace/atarcoach/vendor/laravel/framework/src/Illuminate/Routing/Pipeline.php:32}() /home/ubuntu/workspace/atarcoach/vendor/laravel/framework/src/Illuminate/Routing/Pipeline.php:32
[08-Aug-2016 03:07:18 UTC] PHP  41. Illuminate\Pipeline\Pipeline->Illuminate\Pipeline\{closure}() /home/ubuntu/workspace/atarcoach/vendor/laravel/framework/src/Illuminate/Routing/Pipeline.php:32
[08-Aug-2016 03:07:18 UTC] PHP  42. call_user_func_array:{/home/ubuntu/workspace/atarcoach/vendor/laravel/framework/src/Illuminate/Pipeline/Pipeline.php:136}() /home/ubuntu/workspace/atarcoach/vendor/laravel/framework/src/Illuminate/Pipeline/Pipeline.php:136
[08-Aug-2016 03:07:18 UTC] PHP  43. Illuminate\Foundation\Http\Middleware\VerifyCsrfToken->handle() /home/ubuntu/workspace/atarcoach/vendor/laravel/framework/src/Illuminate/Pipeline/Pipeline.php:136
[08-Aug-2016 03:07:18 UTC] PHP  44. Illuminate\Routing\Pipeline->Illuminate\Routing\{closure}() /home/ubuntu/workspace/atarcoach/vendor/laravel/framework/src/Illuminate/Foundation/Http/Middleware/VerifyCsrfToken.php:64
[08-Aug-2016 03:07:18 UTC] PHP  45. call_user_func:{/home/ubuntu/workspace/atarcoach/vendor/laravel/framework/src/Illuminate/Routing/Pipeline.php:32}() /home/ubuntu/workspace/atarcoach/vendor/laravel/framework/src/Illuminate/Routing/Pipeline.php:32
[08-Aug-2016 03:07:18 UTC] PHP  46. Illuminate\Pipeline\Pipeline->Illuminate\Pipeline\{closure}() /home/ubuntu/workspace/atarcoach/vendor/laravel/framework/src/Illuminate/Routing/Pipeline.php:32
[08-Aug-2016 03:07:18 UTC] PHP  47. call_user_func_array:{/home/ubuntu/workspace/atarcoach/vendor/laravel/framework/src/Illuminate/Pipeline/Pipeline.php:136}() /home/ubuntu/workspace/atarcoach/vendor/laravel/framework/src/Illuminate/Pipeline/Pipeline.php:136
[08-Aug-2016 03:07:18 UTC] PHP  48. Illuminate\Routing\Middleware\ThrottleRequests->handle() /home/ubuntu/workspace/atarcoach/vendor/laravel/framework/src/Illuminate/Pipeline/Pipeline.php:136
[08-Aug-2016 03:07:18 UTC] PHP  49. Illuminate\Routing\Pipeline->Illuminate\Routing\{closure}() /home/ubuntu/workspace/atarcoach/vendor/laravel/framework/src/Illuminate/Routing/Middleware/ThrottleRequests.php:48
[08-Aug-2016 03:07:18 UTC] PHP  50. call_user_func:{/home/ubuntu/workspace/atarcoach/vendor/laravel/framework/src/Illuminate/Routing/Pipeline.php:52}() /home/ubuntu/workspace/atarcoach/vendor/laravel/framework/src/Illuminate/Routing/Pipeline.php:52
[08-Aug-2016 03:07:18 UTC] PHP  51. Illuminate\Routing\Router->Illuminate\Routing\{closure}() /home/ubuntu/workspace/atarcoach/vendor/laravel/framework/src/Illuminate/Routing/Pipeline.php:52
[08-Aug-2016 03:07:18 UTC] PHP  52. Illuminate\Routing\Route->run() /home/ubuntu/workspace/atarcoach/vendor/laravel/framework/src/Illuminate/Routing/Router.php:724
[08-Aug-2016 03:07:18 UTC] PHP  53. Illuminate\Routing\Route->runController() /home/ubuntu/workspace/atarcoach/vendor/laravel/framework/src/Illuminate/Routing/Route.php:140
[08-Aug-2016 03:07:18 UTC] PHP  54. Illuminate\Routing\ControllerDispatcher->dispatch() /home/ubuntu/workspace/atarcoach/vendor/laravel/framework/src/Illuminate/Routing/Route.php:174
[08-Aug-2016 03:07:18 UTC] PHP  55. Illuminate\Routing\ControllerDispatcher->callWithinStack() /home/ubuntu/workspace/atarcoach/vendor/laravel/framework/src/Illuminate/Routing/ControllerDispatcher.php:54
[08-Aug-2016 03:07:18 UTC] PHP  56. Illuminate\Pipeline\Pipeline->then() /home/ubuntu/workspace/atarcoach/vendor/laravel/framework/src/Illuminate/Routing/ControllerDispatcher.php:96
[08-Aug-2016 03:07:18 UTC] PHP  57. call_user_func:{/home/ubuntu/workspace/atarcoach/vendor/laravel/framework/src/Illuminate/Pipeline/Pipeline.php:103}() /home/ubuntu/workspace/atarcoach/vendor/laravel/framework/src/Illuminate/Pipeline/Pipeline.php:103
[08-Aug-2016 03:07:18 UTC] PHP  58. Illuminate\Routing\Pipeline->Illuminate\Routing\{closure}() /home/ubuntu/workspace/atarcoach/vendor/laravel/framework/src/Illuminate/Pipeline/Pipeline.php:103
[08-Aug-2016 03:07:18 UTC] PHP  59. call_user_func:{/home/ubuntu/workspace/atarcoach/vendor/laravel/framework/src/Illuminate/Routing/Pipeline.php:52}() /home/ubuntu/workspace/atarcoach/vendor/laravel/framework/src/Illuminate/Routing/Pipeline.php:52
[08-Aug-2016 03:07:18 UTC] PHP  60. Illuminate\Routing\ControllerDispatcher->Illuminate\Routing\{closure}() /home/ubuntu/workspace/atarcoach/vendor/laravel/framework/src/Illuminate/Routing/Pipeline.php:52
[08-Aug-2016 03:07:18 UTC] PHP  61. Illuminate\Routing\ControllerDispatcher->call() /home/ubuntu/workspace/atarcoach/vendor/laravel/framework/src/Illuminate/Routing/ControllerDispatcher.php:94
[08-Aug-2016 03:07:18 UTC] PHP  62. Illuminate\Routing\Controller->callAction() /home/ubuntu/workspace/atarcoach/vendor/laravel/framework/src/Illuminate/Routing/ControllerDispatcher.php:146
[08-Aug-2016 03:07:18 UTC] PHP  63. call_user_func_array:{/home/ubuntu/workspace/atarcoach/vendor/laravel/framework/src/Illuminate/Routing/Controller.php:80}() /home/ubuntu/workspace/atarcoach/vendor/laravel/framework/src/Illuminate/Routing/Controller.php:80
[08-Aug-2016 03:07:18 UTC] PHP  64. App\Http\Controllers\AdminController->index() /home/ubuntu/workspace/atarcoach/vendor/laravel/framework/src/Illuminate/Routing/Controller.php:80
